#
# A fatal error has been detected by the Java Runtime Environment:
#
#  Internal Error (javaClasses.cpp:126), pid=5892, tid=4504
#  fatal error: Invalid layout of preloaded class
#
# JRE version:  (8.0_25-b18) (build )
# Java VM: Java HotSpot(TM) Client VM (25.25-b02 mixed mode windows-x86 )
# Failed to write core dump. Minidumps are not enabled by default on client versions of Windows
#
# If you would like to submit a bug report, please visit:
#   http://bugreport.sun.com/bugreport/crash.jsp
#

---------------  T H R E A D  ---------------

Current thread (0x00879c00):  JavaThread "Unknown thread" [_thread_in_vm, id=4504, stack(0x00960000,0x009b0000)]

Stack: [0x00960000,0x009b0000],  sp=0x009afab4,  free space=318k
Native frames: (J=compiled Java code, j=interpreted, Vv=VM code, C=native code)
V  [jvm.dll+0x19796b]
V  [jvm.dll+0x1908e6]
V  [jvm.dll+0x3b4e9]
V  [jvm.dll+0x3b69e]
V  [jvm.dll+0x4a063]
V  [jvm.dll+0x9dc8e]
V  [jvm.dll+0x9df52]
V  [jvm.dll+0x145a01]
V  [jvm.dll+0x169ab8]
V  [jvm.dll+0xdaea1]
C  [javaw.exe+0x13e4]
C  [javaw.exe+0x1eb7]
C  [javaw.exe+0xaba1]
C  [javaw.exe+0xac2b]
C  [kernel32.dll+0xb729]
C  0x00000000


---------------  P R O C E S S  ---------------

Java Threads: ( => current thread )

Other Threads:

=>0x00879c00 (exited) JavaThread "Unknown thread" [_thread_in_vm, id=4504, stack(0x00960000,0x009b0000)]

VM state:not at safepoint (not fully initialized)

VM Mutex/Monitor currently owned by a thread: None

GC Heap History (0 events):
No events

Deoptimization events (0 events):
No events

Internal exceptions (0 events):
No events

Events (10 events):
Event: 0.011 loading class java/lang/CharSequence done
Event: 0.011 loading class java/lang/String done
Event: 0.011 loading class java/lang/Class
Event: 0.011 loading class java/lang/reflect/AnnotatedElement
Event: 0.011 loading class java/lang/reflect/AnnotatedElement done
Event: 0.011 loading class java/lang/reflect/GenericDeclaration
Event: 0.011 loading class java/lang/reflect/GenericDeclaration done
Event: 0.011 loading class java/lang/reflect/Type
Event: 0.011 loading class java/lang/reflect/Type done
Event: 0.011 loading class java/lang/Class done


Dynamic libraries:
0x00400000 - 0x00430000 	E:\Java\jdk1.8.0_25\bin\javaw.exe
0x7c920000 - 0x7c9b6000 	C:\WINDOWS\system32\ntdll.dll
0x7c800000 - 0x7c91e000 	C:\WINDOWS\system32\kernel32.dll
0x77da0000 - 0x77e49000 	C:\WINDOWS\system32\ADVAPI32.dll
0x77e50000 - 0x77ee3000 	C:\WINDOWS\system32\RPCRT4.dll
0x77fc0000 - 0x77fd1000 	C:\WINDOWS\system32\Secur32.dll
0x77d10000 - 0x77da0000 	C:\WINDOWS\system32\USER32.dll
0x77ef0000 - 0x77f39000 	C:\WINDOWS\system32\GDI32.dll
0x77180000 - 0x77283000 	C:\WINDOWS\WinSxS\x86_Microsoft.Windows.Common-Controls_6595b64144ccf1df_6.0.2600.6028_x-ww_61e65202\COMCTL32.dll
0x77be0000 - 0x77c38000 	C:\WINDOWS\system32\msvcrt.dll
0x77f40000 - 0x77fb6000 	C:\WINDOWS\system32\SHLWAPI.dll
0x76300000 - 0x7631d000 	C:\WINDOWS\system32\IMM32.DLL
0x62c20000 - 0x62c29000 	C:\WINDOWS\system32\LPK.DLL
0x73fa0000 - 0x7400b000 	C:\WINDOWS\system32\USP10.dll
0x78aa0000 - 0x78b5f000 	E:\Java\jdk1.8.0_25\jre\bin\msvcr100.dll
0x6d250000 - 0x6d5f4000 	E:\Java\jdk1.8.0_25\jre\bin\client\jvm.dll
0x71a40000 - 0x71a4b000 	C:\WINDOWS\system32\WSOCK32.dll
0x71a20000 - 0x71a37000 	C:\WINDOWS\system32\WS2_32.dll
0x71a10000 - 0x71a18000 	C:\WINDOWS\system32\WS2HELP.dll
0x76b10000 - 0x76b3a000 	C:\WINDOWS\system32\WINMM.dll
0x76bc0000 - 0x76bcb000 	C:\WINDOWS\system32\PSAPI.DLL
0x6f6a0000 - 0x6f6ac000 	E:\Java\jdk1.8.0_25\jre\bin\verify.dll
0x6dad0000 - 0x6daf1000 	E:\Java\jdk1.8.0_25\jre\bin\java.dll
0x6f730000 - 0x6f743000 	E:\Java\jdk1.8.0_25\jre\bin\zip.dll
0x68d60000 - 0x68e01000 	C:\WINDOWS\system32\dbghelp.dll
0x77bd0000 - 0x77bd8000 	C:\WINDOWS\system32\VERSION.dll

VM Arguments:
jvm_args: -Dfile.encoding=GBK -Xbootclasspath:E:\eclipse+sdk\adt-bundle-windows-x86-20130522\sdk\platforms\android-17\android.jar 
java_command: com.example.cim.test.TestTime
java_class_path (initial): E:\eclipse+sdk\myproject\cim\bin\classes;E:\eclipse+sdk\myproject\cim\libs\slf4j-api-1.7.5.jar;E:\eclipse+sdk\myproject\cim\libs\dom4j-1.6.1.jar;E:\eclipse+sdk\myproject\cim\libs\android-support-v4.jar;E:\eclipse+sdk\myproject\cim\libs\fastjson-1.1.34.android.jar;E:\eclipse+sdk\myproject\cim\libs\slf4j-nop-1.7.5.jar;E:\eclipse+sdk\myproject\cim\libs\httpmime-4.1.1.jar;E:\eclipse+sdk\myproject\cim\libs\guava-r09.jar;E:\eclipse+sdk\myproject\cim\libs\log4j.jar;E:\eclipse+sdk\myproject\cim\libs\sqlcipher.jar;E:\eclipse+sdk\myproject\cim\libs\mina-core-2.0.7.jar;E:\eclipse+sdk\myproject\cim\libs\commons-codec.jar
Launcher Type: SUN_STANDARD

Environment Variables:
JAVA_HOME=E:\Java\jdk1.8.0_25
PATH=E:/Java/jdk1.8.0_25/bin/../jre/bin/client;E:/Java/jdk1.8.0_25/bin/../jre/bin;E:/Java/jdk1.8.0_25/bin/../jre/lib/i386;E:\Java\jdk1.8.0_25\bin;C:\WINDOWS\system32;E:\apache-tomcat-7.0.26;E:\Mysql\bin;D:\apache-maven-3.1.1\bin;E:\eclipse+sdk\adt-bundle-windows-x86-20130522\sdk\platform-tools\;E:\eclipse+sdk\adt-bundle-windows-x86-20130522\sdk\tools\;C:\Program Files\DBank\ClickUp;E:\eclipse+sdk\adt-bundle-windows-x86-20130522\eclipse;
USERNAME=Administrator
OS=Windows_NT
PROCESSOR_IDENTIFIER=x86 Family 6 Model 23 Stepping 10, GenuineIntel



---------------  S Y S T E M  ---------------

OS: Windows XP Build 2600 Service Pack 3

CPU:total 4 (4 cores per cpu, 1 threads per core) family 6 model 23 stepping 10, cmov, cx8, fxsr, mmx, sse, sse2, sse3, ssse3, sse4.1, tsc

Memory: 4k page, physical 3369456k(607644k free), swap 16682236k(12580340k free)

vm_info: Java HotSpot(TM) Client VM (25.25-b02) for windows-x86 JRE (1.8.0_25-b18), built on Oct  7 2014 14:31:05 by "java_re" with MS VC++ 10.0 (VS2010)

time: Tue Dec 29 12:01:40 2015
elapsed time: 0 seconds (0d 0h 0m 0s)

